c:\users\xyz89\onedrive\pulpit\repozytorium - chess\chesssfml\chess\sem4\x64\debug\vc143.pdb
c:\users\xyz89\onedrive\pulpit\repozytorium - chess\chesssfml\chess\sem4\x64\debug\vc143.idb
c:\users\xyz89\onedrive\pulpit\repozytorium - chess\chesssfml\chess\sem4\x64\debug\screen.obj
c:\users\xyz89\onedrive\pulpit\repozytorium - chess\chesssfml\chess\sem4\x64\debug\rook.obj
c:\users\xyz89\onedrive\pulpit\repozytorium - chess\chesssfml\chess\sem4\x64\debug\queen.obj
c:\users\xyz89\onedrive\pulpit\repozytorium - chess\chesssfml\chess\sem4\x64\debug\promotionpopup.obj
c:\users\xyz89\onedrive\pulpit\repozytorium - chess\chesssfml\chess\sem4\x64\debug\pawn.obj
c:\users\xyz89\onedrive\pulpit\repozytorium - chess\chesssfml\chess\sem4\x64\debug\movehisotrypanel.obj
c:\users\xyz89\onedrive\pulpit\repozytorium - chess\chesssfml\chess\sem4\x64\debug\menuscreen.obj
c:\users\xyz89\onedrive\pulpit\repozytorium - chess\chesssfml\chess\sem4\x64\debug\main.obj
c:\users\xyz89\onedrive\pulpit\repozytorium - chess\chesssfml\chess\sem4\x64\debug\knight.obj
c:\users\xyz89\onedrive\pulpit\repozytorium - chess\chesssfml\chess\sem4\x64\debug\king.obj
c:\users\xyz89\onedrive\pulpit\repozytorium - chess\chesssfml\chess\sem4\x64\debug\gamescreen.obj
c:\users\xyz89\onedrive\pulpit\repozytorium - chess\chesssfml\chess\sem4\x64\debug\chesstimer.obj
c:\users\xyz89\onedrive\pulpit\repozytorium - chess\chesssfml\chess\sem4\x64\debug\button.obj
c:\users\xyz89\onedrive\pulpit\repozytorium - chess\chesssfml\chess\sem4\x64\debug\boardview.obj
c:\users\xyz89\onedrive\pulpit\repozytorium - chess\chesssfml\chess\sem4\x64\debug\chessboard.obj
c:\users\xyz89\onedrive\pulpit\repozytorium - chess\chesssfml\chess\sem4\x64\debug\bishop.obj
c:\users\xyz89\onedrive\pulpit\repozytorium - chess\chesssfml\chess\sem4\x64\debug\applicationmanager.obj
c:\users\xyz89\onedrive\pulpit\repozytorium - chess\chesssfml\chess\sem4\x64\debug\optionsscreen.obj
c:\users\xyz89\onedrive\pulpit\repozytorium - chess\chesssfml\chess\sem4\x64\debug\timeinput.obj
c:\users\xyz89\onedrive\pulpit\repozytorium - chess\chesssfml\chess\sem4\x64\debug\slider.obj
c:\users\xyz89\onedrive\pulpit\repozytorium - chess\chesssfml\chess\x64\debug\sem4.exe
c:\users\xyz89\onedrive\pulpit\repozytorium - chess\chesssfml\chess\x64\debug\sem4.pdb
c:\users\xyz89\onedrive\pulpit\repozytorium - chess\chesssfml\chess\sem4\x64\debug\sem4.ilk
c:\users\xyz89\onedrive\pulpit\repozytorium - chess\chesssfml\chess\sem4\x64\debug\sem4.tlog\cl.command.1.tlog
c:\users\xyz89\onedrive\pulpit\repozytorium - chess\chesssfml\chess\sem4\x64\debug\sem4.tlog\cl.items.tlog
c:\users\xyz89\onedrive\pulpit\repozytorium - chess\chesssfml\chess\sem4\x64\debug\sem4.tlog\cl.read.1.tlog
c:\users\xyz89\onedrive\pulpit\repozytorium - chess\chesssfml\chess\sem4\x64\debug\sem4.tlog\cl.write.1.tlog
c:\users\xyz89\onedrive\pulpit\repozytorium - chess\chesssfml\chess\sem4\x64\debug\sem4.tlog\link.command.1.tlog
c:\users\xyz89\onedrive\pulpit\repozytorium - chess\chesssfml\chess\sem4\x64\debug\sem4.tlog\link.read.1.tlog
c:\users\xyz89\onedrive\pulpit\repozytorium - chess\chesssfml\chess\sem4\x64\debug\sem4.tlog\link.secondary.1.tlog
c:\users\xyz89\onedrive\pulpit\repozytorium - chess\chesssfml\chess\sem4\x64\debug\sem4.tlog\link.write.1.tlog
